[20:40:34] [User Authenticator #6/INFO]: UUID of player miemiesheep is c11c193f-d692-49e9-8929-8ab41b0e7bbe
[20:40:36] [Server thread/INFO]: miemiesheep[/123.192.29.190:50823] logged in with entity id 294853 at ([world]-877.3689104219844, 65.0, 190.3581147775742)
[20:43:24] [Spigot Watchdog Thread/ERROR]: ------------------------------
[20:43:24] [Spigot Watchdog Thread/ERROR]: The server has stopped responding! This is (probably) not a Spigot bug.
[20:43:24] [Spigot Watchdog Thread/ERROR]: If you see a plugin in the Server thread dump below, then please report it to that author
[20:43:24] [Spigot Watchdog Thread/ERROR]: 	 *Especially* if it looks like HTTP or MySQL operations are occurring
[20:43:24] [Spigot Watchdog Thread/ERROR]: If you see a world save or edit, then it means you did far more than your server can handle at once
[20:43:24] [Spigot Watchdog Thread/ERROR]: 	 If this is the case, consider increasing timeout-time in spigot.yml but note that this will replace the crash with LARGE lag spikes
[20:43:24] [Spigot Watchdog Thread/ERROR]: If you are unsure or still think this is a Spigot bug, please report to https://www.spigotmc.org/
[20:43:24] [Spigot Watchdog Thread/ERROR]: Be sure to include ALL relevant console errors and Minecraft crash reports
[20:43:24] [Spigot Watchdog Thread/ERROR]: Spigot version: git-Spigot-800b93f-8160e29 (MC: 1.15.2)
[20:43:24] [Spigot Watchdog Thread/ERROR]: ------------------------------
[20:43:24] [Spigot Watchdog Thread/ERROR]: Server thread dump (Look for plugins here before reporting to Spigot!):
[20:43:24] [Spigot Watchdog Thread/ERROR]: ------------------------------
[20:43:24] [Spigot Watchdog Thread/ERROR]: Current Thread: Server thread
[20:43:24] [Spigot Watchdog Thread/ERROR]: 	PID: 17 | Suspended: false | Native: false | State: WAITING
[20:43:24] [Spigot Watchdog Thread/ERROR]: 	Stack:
[20:43:24] [Spigot Watchdog Thread/ERROR]: 		sun.misc.Unsafe.park(Native Method)
[20:43:24] [Spigot Watchdog Thread/ERROR]: 		java.util.concurrent.locks.LockSupport.park(Unknown Source)
[20:43:24] [Spigot Watchdog Thread/ERROR]: 		java.util.concurrent.CompletableFuture$Signaller.block(Unknown Source)
[20:43:24] [Spigot Watchdog Thread/ERROR]: 		java.util.concurrent.ForkJoinPool.managedBlock(Unknown Source)
[20:43:24] [Spigot Watchdog Thread/ERROR]: 		java.util.concurrent.CompletableFuture.waitingGet(Unknown Source)
[20:43:24] [Spigot Watchdog Thread/ERROR]: 		java.util.concurrent.CompletableFuture.join(Unknown Source)
[20:43:24] [Spigot Watchdog Thread/ERROR]: 		net.minecraft.server.v1_15_R1.IOWorker.a(SourceFile:93)
[20:43:24] [Spigot Watchdog Thread/ERROR]: 		net.minecraft.server.v1_15_R1.IChunkLoader.read(IChunkLoader.java:89)
[20:43:24] [Spigot Watchdog Thread/ERROR]: 		net.minecraft.server.v1_15_R1.PlayerChunkMap.readChunkData(PlayerChunkMap.java:830)
[20:43:24] [Spigot Watchdog Thread/ERROR]: 		net.minecraft.server.v1_15_R1.PlayerChunkMap.lambda$21(PlayerChunkMap.java:482)
[20:43:24] [Spigot Watchdog Thread/ERROR]: 		net.minecraft.server.v1_15_R1.PlayerChunkMap$$Lambda$2249/1444373507.get(Unknown Source)
[20:43:24] [Spigot Watchdog Thread/ERROR]: 		java.util.concurrent.CompletableFuture$AsyncSupply.run(Unknown Source)
[20:43:24] [Spigot Watchdog Thread/ERROR]: 		net.minecraft.server.v1_15_R1.IAsyncTaskHandler.executeTask(SourceFile:144)
[20:43:24] [Spigot Watchdog Thread/ERROR]: 		net.minecraft.server.v1_15_R1.ChunkProviderServer$a.executeTask(ChunkProviderServer.java:567)
[20:43:24] [Spigot Watchdog Thread/ERROR]: 		net.minecraft.server.v1_15_R1.IAsyncTaskHandler.executeNext(SourceFile:118)
[20:43:24] [Spigot Watchdog Thread/ERROR]: 		net.minecraft.server.v1_15_R1.ChunkProviderServer$a.executeNext(ChunkProviderServer.java:578)
[20:43:24] [Spigot Watchdog Thread/ERROR]: 		net.minecraft.server.v1_15_R1.IAsyncTaskHandler.awaitTasks(SourceFile:127)
[20:43:24] [Spigot Watchdog Thread/ERROR]: 		net.minecraft.server.v1_15_R1.ChunkProviderServer.getChunkAt(ChunkProviderServer.java:108)
[20:43:24] [Spigot Watchdog Thread/ERROR]: 		net.minecraft.server.v1_15_R1.World.getChunkAt(World.java:198)
[20:43:24] [Spigot Watchdog Thread/ERROR]: 		net.minecraft.server.v1_15_R1.IWorldReader.getChunkAt(SourceFile:108)
[20:43:24] [Spigot Watchdog Thread/ERROR]: 		net.minecraft.server.v1_15_R1.World.getChunkAt(World.java:193)
[20:43:24] [Spigot Watchdog Thread/ERROR]: 		net.minecraft.server.v1_15_R1.World.getType(World.java:517)
[20:43:24] [Spigot Watchdog Thread/ERROR]: 		net.minecraft.server.v1_15_R1.VoxelShapes.a(SourceFile:259)
[20:43:24] [Spigot Watchdog Thread/ERROR]: 		net.minecraft.server.v1_15_R1.VoxelShapes.a(SourceFile:207)
[20:43:24] [Spigot Watchdog Thread/ERROR]: 		net.minecraft.server.v1_15_R1.Entity.a(Entity.java:833)
[20:43:24] [Spigot Watchdog Thread/ERROR]: 		net.minecraft.server.v1_15_R1.Entity.a(Entity.java:788)
[20:43:24] [Spigot Watchdog Thread/ERROR]: 		net.minecraft.server.v1_15_R1.Entity.e(Entity.java:756)
[20:43:24] [Spigot Watchdog Thread/ERROR]: 		net.minecraft.server.v1_15_R1.Entity.move(Entity.java:528)
[20:43:24] [Spigot Watchdog Thread/ERROR]: 		net.minecraft.server.v1_15_R1.EntityLiving.e(EntityLiving.java:2187)
[20:43:24] [Spigot Watchdog Thread/ERROR]: 		net.minecraft.server.v1_15_R1.EntityTurtle.e(EntityTurtle.java:275)
[20:43:24] [Spigot Watchdog Thread/ERROR]: 		net.minecraft.server.v1_15_R1.EntityLiving.movementTick(EntityLiving.java:2549)
[20:43:24] [Spigot Watchdog Thread/ERROR]: 		net.minecraft.server.v1_15_R1.EntityInsentient.movementTick(EntityInsentient.java:504)
[20:43:24] [Spigot Watchdog Thread/ERROR]: 		net.minecraft.server.v1_15_R1.EntityAgeable.movementTick(EntityAgeable.java:170)
[20:43:24] [Spigot Watchdog Thread/ERROR]: 		net.minecraft.server.v1_15_R1.EntityAnimal.movementTick(EntityAnimal.java:28)
[20:43:24] [Spigot Watchdog Thread/ERROR]: 		net.minecraft.server.v1_15_R1.EntityTurtle.movementTick(EntityTurtle.java:243)
[20:43:24] [Spigot Watchdog Thread/ERROR]: 		net.minecraft.server.v1_15_R1.EntityLiving.tick(EntityLiving.java:2353)
[20:43:24] [Spigot Watchdog Thread/ERROR]: 		net.minecraft.server.v1_15_R1.EntityInsentient.tick(EntityInsentient.java:273)
[20:43:24] [Spigot Watchdog Thread/ERROR]: 		net.minecraft.server.v1_15_R1.WorldServer.entityJoinedWorld(WorldServer.java:626)
[20:43:24] [Spigot Watchdog Thread/ERROR]: 		net.minecraft.server.v1_15_R1.WorldServer$$Lambda$2576/1691222067.accept(Unknown Source)
[20:43:24] [Spigot Watchdog Thread/ERROR]: 		net.minecraft.server.v1_15_R1.World.a(World.java:718)
[20:43:24] [Spigot Watchdog Thread/ERROR]: 		net.minecraft.server.v1_15_R1.WorldServer.doTick(WorldServer.java:395)
[20:43:24] [Spigot Watchdog Thread/ERROR]: 		net.minecraft.server.v1_15_R1.MinecraftServer.b(MinecraftServer.java:1082)
[20:43:24] [Spigot Watchdog Thread/ERROR]: 		net.minecraft.server.v1_15_R1.DedicatedServer.b(DedicatedServer.java:399)
[20:43:24] [Spigot Watchdog Thread/ERROR]: 		net.minecraft.server.v1_15_R1.MinecraftServer.a(MinecraftServer.java:984)
[20:43:24] [Spigot Watchdog Thread/ERROR]: 		net.minecraft.server.v1_15_R1.MinecraftServer.run(MinecraftServer.java:824)
[20:43:24] [Spigot Watchdog Thread/ERROR]: 		java.lang.Thread.run(Unknown Source)
[20:43:24] [Spigot Watchdog Thread/ERROR]: ------------------------------
[20:43:24] [Spigot Watchdog Thread/ERROR]: Entire Thread Dump:
[20:43:28] [Spigot Watchdog Thread/ERROR]: ------------------------------
[20:43:28] [Spigot Watchdog Thread/ERROR]: Current Thread: Server-Worker-186449
[20:43:28] [Spigot Watchdog Thread/ERROR]: 	PID: 186525 | Suspended: false | Native: false | State: WAITING
[20:43:28] [Spigot Watchdog Thread/ERROR]: 	Stack:
[20:43:28] [Spigot Watchdog Thread/ERROR]: 		sun.misc.Unsafe.park(Native Method)
[20:43:28] [Spigot Watchdog Thread/ERROR]: 		java.util.concurrent.ForkJoinPool.awaitWork(Unknown Source)
[20:43:28] [Spigot Watchdog Thread/ERROR]: 		java.util.concurrent.ForkJoinPool.runWorker(Unknown Source)
[20:43:28] [Spigot Watchdog Thread/ERROR]: 		java.util.concurrent.ForkJoinWorkerThread.run(Unknown Source)
[20:43:28] [Spigot Watchdog Thread/ERROR]: ------------------------------
[20:43:28] [Spigot Watchdog Thread/ERROR]: Current Thread: Server-Worker-186448
[20:43:28] [Spigot Watchdog Thread/ERROR]: 	PID: 186524 | Suspended: false | Native: false | State: TIMED_WAITING
[20:43:28] [Spigot Watchdog Thread/ERROR]: 	Stack:
[20:43:28] [Spigot Watchdog Thread/ERROR]: 		sun.misc.Unsafe.park(Native Method)
[20:43:28] [Spigot Watchdog Thread/ERROR]: 		java.util.concurrent.ForkJoinPool.awaitWork(Unknown Source)
[20:43:28] [Spigot Watchdog Thread/ERROR]: 		java.util.concurrent.ForkJoinPool.runWorker(Unknown Source)
[20:43:28] [Spigot Watchdog Thread/ERROR]: 		java.util.concurrent.ForkJoinWorkerThread.run(Unknown Source)
[20:43:28] [Spigot Watchdog Thread/ERROR]: ------------------------------
[20:43:28] [Spigot Watchdog Thread/ERROR]: Current Thread: Server-Worker-186447
[20:43:28] [Spigot Watchdog Thread/ERROR]: 	PID: 186523 | Suspended: false | Native: false | State: WAITING
[20:43:28] [Spigot Watchdog Thread/ERROR]: 	Stack:
[20:43:28] [Spigot Watchdog Thread/ERROR]: 		sun.misc.Unsafe.park(Native Method)
[20:43:28] [Spigot Watchdog Thread/ERROR]: 		java.util.concurrent.ForkJoinPool.awaitWork(Unknown Source)
[20:43:28] [Spigot Watchdog Thread/ERROR]: 		java.util.concurrent.ForkJoinPool.runWorker(Unknown Source)
[20:43:28] [Spigot Watchdog Thread/ERROR]: 		java.util.concurrent.ForkJoinWorkerThread.run(Unknown Source)
[20:43:28] [Spigot Watchdog Thread/ERROR]: ------------------------------
[20:43:28] [Spigot Watchdog Thread/ERROR]: Current Thread: Netty Server IO #3
[20:43:28] [Spigot Watchdog Thread/ERROR]: 	PID: 69 | Suspended: false | Native: false | State: RUNNABLE
[20:43:28] [Spigot Watchdog Thread/ERROR]: 	Thread is waiting on monitor(s):
[20:43:28] [Spigot Watchdog Thread/ERROR]: 		Locked on:sun.nio.ch.SelectorImpl.lockAndDoSelect(Unknown Source)
[20:43:28] [Spigot Watchdog Thread/ERROR]: 		Locked on:sun.nio.ch.SelectorImpl.lockAndDoSelect(Unknown Source)
[20:43:28] [Spigot Watchdog Thread/ERROR]: 		Locked on:sun.nio.ch.SelectorImpl.lockAndDoSelect(Unknown Source)
[20:43:28] [Spigot Watchdog Thread/ERROR]: 	Stack:
[20:43:28] [Spigot Watchdog Thread/ERROR]: 		sun.nio.ch.WindowsSelectorImpl$SubSelector.poll0(Native Method)
[20:43:28] [Spigot Watchdog Thread/ERROR]: 		sun.nio.ch.WindowsSelectorImpl$SubSelector.poll(Unknown Source)
[20:43:28] [Spigot Watchdog Thread/ERROR]: 		sun.nio.ch.WindowsSelectorImpl$SubSelector.access$400(Unknown Source)
[20:43:28] [Spigot Watchdog Thread/ERROR]: 		sun.nio.ch.WindowsSelectorImpl.doSelect(Unknown Source)
[20:43:28] [Spigot Watchdog Thread/ERROR]: 		sun.nio.ch.SelectorImpl.lockAndDoSelect(Unknown Source)
[20:43:28] [Spigot Watchdog Thread/ERROR]: 		sun.nio.ch.SelectorImpl.select(Unknown Source)
[20:43:28] [Spigot Watchdog Thread/ERROR]: 		io.netty.channel.nio.SelectedSelectionKeySetSelector.select(SelectedSelectionKeySetSelector.java:62)
[20:43:28] [Spigot Watchdog Thread/ERROR]: 		io.netty.channel.nio.NioEventLoop.select(NioEventLoop.java:756)
[20:43:28] [Spigot Watchdog Thread/ERROR]: 		io.netty.channel.nio.NioEventLoop.run(NioEventLoop.java:411)
[20:43:28] [Spigot Watchdog Thread/ERROR]: 		io.netty.util.concurrent.SingleThreadEventExecutor$5.run(SingleThreadEventExecutor.java:884)
[20:43:28] [Spigot Watchdog Thread/ERROR]: 		java.lang.Thread.run(Unknown Source)
[20:43:28] [Spigot Watchdog Thread/ERROR]: ------------------------------
[20:43:28] [Spigot Watchdog Thread/ERROR]: Current Thread: Netty Server IO #2
[20:43:28] [Spigot Watchdog Thread/ERROR]: 	PID: 58 | Suspended: false | Native: false | State: RUNNABLE
[20:43:28] [Spigot Watchdog Thread/ERROR]: 	Thread is waiting on monitor(s):
[20:43:28] [Spigot Watchdog Thread/ERROR]: 		Locked on:sun.nio.ch.SelectorImpl.lockAndDoSelect(Unknown Source)
[20:43:28] [Spigot Watchdog Thread/ERROR]: 		Locked on:sun.nio.ch.SelectorImpl.lockAndDoSelect(Unknown Source)
[20:43:28] [Spigot Watchdog Thread/ERROR]: 		Locked on:sun.nio.ch.SelectorImpl.lockAndDoSelect(Unknown Source)
[20:43:28] [Spigot Watchdog Thread/ERROR]: 	Stack:
[20:43:28] [Spigot Watchdog Thread/ERROR]: 		sun.nio.ch.WindowsSelectorImpl$SubSelector.poll0(Native Method)
[20:43:28] [Spigot Watchdog Thread/ERROR]: 		sun.nio.ch.WindowsSelectorImpl$SubSelector.poll(Unknown Source)
[20:43:28] [Spigot Watchdog Thread/ERROR]: 		sun.nio.ch.WindowsSelectorImpl$SubSelector.access$400(Unknown Source)
[20:43:28] [Spigot Watchdog Thread/ERROR]: 		sun.nio.ch.WindowsSelectorImpl.doSelect(Unknown Source)
[20:43:28] [Spigot Watchdog Thread/ERROR]: 		sun.nio.ch.SelectorImpl.lockAndDoSelect(Unknown Source)
[20:43:28] [Spigot Watchdog Thread/ERROR]: 		sun.nio.ch.SelectorImpl.select(Unknown Source)
[20:43:28] [Spigot Watchdog Thread/ERROR]: 		io.netty.channel.nio.SelectedSelectionKeySetSelector.select(SelectedSelectionKeySetSelector.java:62)
[20:43:28] [Spigot Watchdog Thread/ERROR]: 		io.netty.channel.nio.NioEventLoop.select(NioEventLoop.java:756)
[20:43:28] [Spigot Watchdog Thread/ERROR]: 		io.netty.channel.nio.NioEventLoop.run(NioEventLoop.java:411)
[20:43:28] [Spigot Watchdog Thread/ERROR]: 		io.netty.util.concurrent.SingleThreadEventExecutor$5.run(SingleThreadEventExecutor.java:884)
[20:43:28] [Spigot Watchdog Thread/ERROR]: 		java.lang.Thread.run(Unknown Source)
[20:43:28] [Spigot Watchdog Thread/ERROR]: ------------------------------
[20:43:28] [Spigot Watchdog Thread/ERROR]: Current Thread: Netty Server IO #1
[20:43:28] [Spigot Watchdog Thread/ERROR]: 	PID: 57 | Suspended: false | Native: false | State: RUNNABLE
[20:43:28] [Spigot Watchdog Thread/ERROR]: 	Thread is waiting on monitor(s):
[20:43:28] [Spigot Watchdog Thread/ERROR]: 		Locked on:sun.nio.ch.SelectorImpl.lockAndDoSelect(Unknown Source)
[20:43:28] [Spigot Watchdog Thread/ERROR]: 		Locked on:sun.nio.ch.SelectorImpl.lockAndDoSelect(Unknown Source)
[20:43:28] [Spigot Watchdog Thread/ERROR]: 		Locked on:sun.nio.ch.SelectorImpl.lockAndDoSelect(Unknown Source)
[20:43:28] [Spigot Watchdog Thread/ERROR]: 	Stack:
[20:43:28] [Spigot Watchdog Thread/ERROR]: 		sun.nio.ch.WindowsSelectorImpl$SubSelector.poll0(Native Method)
[20:43:28] [Spigot Watchdog Thread/ERROR]: 		sun.nio.ch.WindowsSelectorImpl$SubSelector.poll(Unknown Source)
[20:43:28] [Spigot Watchdog Thread/ERROR]: 		sun.nio.ch.WindowsSelectorImpl$SubSelector.access$400(Unknown Source)
[20:43:28] [Spigot Watchdog Thread/ERROR]: 		sun.nio.ch.WindowsSelectorImpl.doSelect(Unknown Source)
[20:43:28] [Spigot Watchdog Thread/ERROR]: 		sun.nio.ch.SelectorImpl.lockAndDoSelect(Unknown Source)
[20:43:28] [Spigot Watchdog Thread/ERROR]: 		sun.nio.ch.SelectorImpl.select(Unknown Source)
[20:43:28] [Spigot Watchdog Thread/ERROR]: 		io.netty.channel.nio.SelectedSelectionKeySetSelector.select(SelectedSelectionKeySetSelector.java:62)
[20:43:28] [Spigot Watchdog Thread/ERROR]: 		io.netty.channel.nio.NioEventLoop.select(NioEventLoop.java:756)
[20:43:28] [Spigot Watchdog Thread/ERROR]: 		io.netty.channel.nio.NioEventLoop.run(NioEventLoop.java:411)
[20:43:28] [Spigot Watchdog Thread/ERROR]: 		io.netty.util.concurrent.SingleThreadEventExecutor$5.run(SingleThreadEventExecutor.java:884)
[20:43:28] [Spigot Watchdog Thread/ERROR]: 		java.lang.Thread.run(Unknown Source)
[20:43:28] [Spigot Watchdog Thread/ERROR]: ------------------------------
[20:43:28] [Spigot Watchdog Thread/ERROR]: Current Thread: poi IO worker
[20:43:28] [Spigot Watchdog Thread/ERROR]: 	PID: 43 | Suspended: false | Native: false | State: WAITING
[20:43:28] [Spigot Watchdog Thread/ERROR]: 	Stack:
[20:43:28] [Spigot Watchdog Thread/ERROR]: 		sun.misc.Unsafe.park(Native Method)
[20:43:28] [Spigot Watchdog Thread/ERROR]: 		java.util.concurrent.locks.LockSupport.park(Unknown Source)
[20:43:28] [Spigot Watchdog Thread/ERROR]: 		net.minecraft.server.v1_15_R1.IOWorker.c(SourceFile:124)
[20:43:28] [Spigot Watchdog Thread/ERROR]: 		net.minecraft.server.v1_15_R1.IOWorker.d(SourceFile:134)
[20:43:28] [Spigot Watchdog Thread/ERROR]: 		net.minecraft.server.v1_15_R1.IOWorker$$Lambda$2140/1655469839.run(Unknown Source)
[20:43:28] [Spigot Watchdog Thread/ERROR]: 		java.lang.Thread.run(Unknown Source)
[20:43:28] [Spigot Watchdog Thread/ERROR]: ------------------------------
[20:43:28] [Spigot Watchdog Thread/ERROR]: Current Thread: chunk IO worker
[20:43:28] [Spigot Watchdog Thread/ERROR]: 	PID: 42 | Suspended: false | Native: false | State: WAITING
[20:43:28] [Spigot Watchdog Thread/ERROR]: 	Stack:
[20:43:28] [Spigot Watchdog Thread/ERROR]: 		sun.misc.Unsafe.park(Native Method)
[20:43:28] [Spigot Watchdog Thread/ERROR]: 		java.util.concurrent.locks.LockSupport.park(Unknown Source)
[20:43:28] [Spigot Watchdog Thread/ERROR]: 		net.minecraft.server.v1_15_R1.IOWorker.c(SourceFile:124)
[20:43:28] [Spigot Watchdog Thread/ERROR]: 		net.minecraft.server.v1_15_R1.IOWorker.d(SourceFile:134)
[20:43:28] [Spigot Watchdog Thread/ERROR]: 		net.minecraft.server.v1_15_R1.IOWorker$$Lambda$2140/1655469839.run(Unknown Source)
[20:43:28] [Spigot Watchdog Thread/ERROR]: 		java.lang.Thread.run(Unknown Source)
[20:43:28] [Spigot Watchdog Thread/ERROR]: ------------------------------
[20:43:28] [Spigot Watchdog Thread/ERROR]: Current Thread: poi IO worker
[20:43:28] [Spigot Watchdog Thread/ERROR]: 	PID: 41 | Suspended: false | Native: false | State: WAITING
[20:43:28] [Spigot Watchdog Thread/ERROR]: 	Stack:
[20:43:28] [Spigot Watchdog Thread/ERROR]: 		sun.misc.Unsafe.park(Native Method)
[20:43:28] [Spigot Watchdog Thread/ERROR]: 		java.util.concurrent.locks.LockSupport.park(Unknown Source)
[20:43:28] [Spigot Watchdog Thread/ERROR]: 		net.minecraft.server.v1_15_R1.IOWorker.c(SourceFile:124)
[20:43:28] [Spigot Watchdog Thread/ERROR]: 		net.minecraft.server.v1_15_R1.IOWorker.d(SourceFile:134)
[20:43:28] [Spigot Watchdog Thread/ERROR]: 		net.minecraft.server.v1_15_R1.IOWorker$$Lambda$2140/1655469839.run(Unknown Source)
[20:43:28] [Spigot Watchdog Thread/ERROR]: 		java.lang.Thread.run(Unknown Source)
[20:43:28] [Spigot Watchdog Thread/ERROR]: ------------------------------
[20:43:28] [Spigot Watchdog Thread/ERROR]: Current Thread: chunk IO worker
[20:43:28] [Spigot Watchdog Thread/ERROR]: 	PID: 40 | Suspended: false | Native: false | State: WAITING
[20:43:28] [Spigot Watchdog Thread/ERROR]: 	Stack:
[20:43:28] [Spigot Watchdog Thread/ERROR]: 		sun.misc.Unsafe.park(Native Method)
[20:43:28] [Spigot Watchdog Thread/ERROR]: 		java.util.concurrent.locks.LockSupport.park(Unknown Source)
[20:43:28] [Spigot Watchdog Thread/ERROR]: 		net.minecraft.server.v1_15_R1.IOWorker.c(SourceFile:124)
[20:43:28] [Spigot Watchdog Thread/ERROR]: 		net.minecraft.server.v1_15_R1.IOWorker.d(SourceFile:134)
[20:43:28] [Spigot Watchdog Thread/ERROR]: 		net.minecraft.server.v1_15_R1.IOWorker$$Lambda$2140/1655469839.run(Unknown Source)
[20:43:28] [Spigot Watchdog Thread/ERROR]: 		java.lang.Thread.run(Unknown Source)
[20:43:28] [Spigot Watchdog Thread/ERROR]: ------------------------------
[20:43:28] [Spigot Watchdog Thread/ERROR]: Current Thread: poi IO worker
[20:43:28] [Spigot Watchdog Thread/ERROR]: 	PID: 39 | Suspended: false | Native: false | State: WAITING
[20:43:28] [Spigot Watchdog Thread/ERROR]: 	Stack:
[20:43:28] [Spigot Watchdog Thread/ERROR]: 		sun.misc.Unsafe.park(Native Method)
[20:43:28] [Spigot Watchdog Thread/ERROR]: 		java.util.concurrent.locks.LockSupport.park(Unknown Source)
[20:43:28] [Spigot Watchdog Thread/ERROR]: 		net.minecraft.server.v1_15_R1.IOWorker.c(SourceFile:124)
[20:43:28] [Spigot Watchdog Thread/ERROR]: 		net.minecraft.server.v1_15_R1.IOWorker.d(SourceFile:134)
[20:43:28] [Spigot Watchdog Thread/ERROR]: 		net.minecraft.server.v1_15_R1.IOWorker$$Lambda$2140/1655469839.run(Unknown Source)
[20:43:28] [Spigot Watchdog Thread/ERROR]: 		java.lang.Thread.run(Unknown Source)
[20:43:28] [Spigot Watchdog Thread/ERROR]: ------------------------------
[20:43:28] [Spigot Watchdog Thread/ERROR]: Current Thread: chunk IO worker
[20:43:28] [Spigot Watchdog Thread/ERROR]: 	PID: 38 | Suspended: false | Native: false | State: RUNNABLE
[20:43:28] [Spigot Watchdog Thread/ERROR]: 	Thread is waiting on monitor(s):
[20:43:28] [Spigot Watchdog Thread/ERROR]: 		Locked on:sun.nio.ch.FileChannelImpl.read(Unknown Source)
[20:43:28] [Spigot Watchdog Thread/ERROR]: 		Locked on:net.minecraft.server.v1_15_R1.RegionFile.a(RegionFile.java:110)
[20:43:28] [Spigot Watchdog Thread/ERROR]: 	Stack:
[20:43:28] [Spigot Watchdog Thread/ERROR]: 		sun.nio.ch.FileDispatcherImpl.pread0(Native Method)
[20:43:28] [Spigot Watchdog Thread/ERROR]: 		sun.nio.ch.FileDispatcherImpl.pread(Unknown Source)
[20:43:28] [Spigot Watchdog Thread/ERROR]: 		sun.nio.ch.IOUtil.readIntoNativeBuffer(Unknown Source)
[20:43:28] [Spigot Watchdog Thread/ERROR]: 		sun.nio.ch.IOUtil.read(Unknown Source)
[20:43:28] [Spigot Watchdog Thread/ERROR]: 		sun.nio.ch.FileChannelImpl.readInternal(Unknown Source)
[20:43:28] [Spigot Watchdog Thread/ERROR]: 		sun.nio.ch.FileChannelImpl.read(Unknown Source)
[20:43:28] [Spigot Watchdog Thread/ERROR]: 		net.minecraft.server.v1_15_R1.RegionFile.a(RegionFile.java:110)
[20:43:28] [Spigot Watchdog Thread/ERROR]: 		net.minecraft.server.v1_15_R1.RegionFileCache.read(RegionFileCache.java:48)
[20:43:28] [Spigot Watchdog Thread/ERROR]: 		net.minecraft.server.v1_15_R1.IOWorker.b(SourceFile:83)
[20:43:28] [Spigot Watchdog Thread/ERROR]: 		net.minecraft.server.v1_15_R1.IOWorker$$Lambda$2265/726976777.run(Unknown Source)
[20:43:28] [Spigot Watchdog Thread/ERROR]: 		net.minecraft.server.v1_15_R1.IOWorker.h(SourceFile:186)
[20:43:28] [Spigot Watchdog Thread/ERROR]: 		net.minecraft.server.v1_15_R1.IOWorker.d(SourceFile:131)
[20:43:28] [Spigot Watchdog Thread/ERROR]: 		net.minecraft.server.v1_15_R1.IOWorker$$Lambda$2140/1655469839.run(Unknown Source)
[20:43:28] [Spigot Watchdog Thread/ERROR]: 		java.lang.Thread.run(Unknown Source)
[20:43:28] [Spigot Watchdog Thread/ERROR]: ------------------------------
[20:43:28] [Spigot Watchdog Thread/ERROR]: Current Thread: Netty Server IO #0
[20:43:28] [Spigot Watchdog Thread/ERROR]: 	PID: 37 | Suspended: false | Native: false | State: RUNNABLE
[20:43:28] [Spigot Watchdog Thread/ERROR]: 	Thread is waiting on monitor(s):
[20:43:28] [Spigot Watchdog Thread/ERROR]: 		Locked on:sun.nio.ch.SelectorImpl.lockAndDoSelect(Unknown Source)
[20:43:28] [Spigot Watchdog Thread/ERROR]: 		Locked on:sun.nio.ch.SelectorImpl.lockAndDoSelect(Unknown Source)
[20:43:28] [Spigot Watchdog Thread/ERROR]: 		Locked on:sun.nio.ch.SelectorImpl.lockAndDoSelect(Unknown Source)
[20:43:28] [Spigot Watchdog Thread/ERROR]: 	Stack:
[20:43:28] [Spigot Watchdog Thread/ERROR]: 		sun.nio.ch.WindowsSelectorImpl$SubSelector.poll0(Native Method)
[20:43:28] [Spigot Watchdog Thread/ERROR]: 		sun.nio.ch.WindowsSelectorImpl$SubSelector.poll(Unknown Source)
[20:43:28] [Spigot Watchdog Thread/ERROR]: 		sun.nio.ch.WindowsSelectorImpl$SubSelector.access$400(Unknown Source)
[20:43:28] [Spigot Watchdog Thread/ERROR]: 		sun.nio.ch.WindowsSelectorImpl.doSelect(Unknown Source)
[20:43:28] [Spigot Watchdog Thread/ERROR]: 		sun.nio.ch.SelectorImpl.lockAndDoSelect(Unknown Source)
[20:43:28] [Spigot Watchdog Thread/ERROR]: 		sun.nio.ch.SelectorImpl.select(Unknown Source)
[20:43:28] [Spigot Watchdog Thread/ERROR]: 		io.netty.channel.nio.SelectedSelectionKeySetSelector.select(SelectedSelectionKeySetSelector.java:62)
[20:43:28] [Spigot Watchdog Thread/ERROR]: 		io.netty.channel.nio.NioEventLoop.select(NioEventLoop.java:756)
[20:43:28] [Spigot Watchdog Thread/ERROR]: 		io.netty.channel.nio.NioEventLoop.run(NioEventLoop.java:411)
[20:43:28] [Spigot Watchdog Thread/ERROR]: 		io.netty.util.concurrent.SingleThreadEventExecutor$5.run(SingleThreadEventExecutor.java:884)
[20:43:28] [Spigot Watchdog Thread/ERROR]: 		java.lang.Thread.run(Unknown Source)
[20:43:28] [Spigot Watchdog Thread/ERROR]: ------------------------------
[20:43:28] [Spigot Watchdog Thread/ERROR]: Current Thread: ObjectCleanerThread
[20:43:28] [Spigot Watchdog Thread/ERROR]: 	PID: 36 | Suspended: false | Native: false | State: TIMED_WAITING
[20:43:28] [Spigot Watchdog Thread/ERROR]: 	Stack:
[20:43:28] [Spigot Watchdog Thread/ERROR]: 		java.lang.Object.wait(Native Method)
[20:43:28] [Spigot Watchdog Thread/ERROR]: 		java.lang.ref.ReferenceQueue.remove(Unknown Source)
[20:43:28] [Spigot Watchdog Thread/ERROR]: 		io.netty.util.internal.ObjectCleaner$1.run(ObjectCleaner.java:54)
[20:43:28] [Spigot Watchdog Thread/ERROR]: 		io.netty.util.concurrent.FastThreadLocalRunnable.run(FastThreadLocalRunnable.java:30)
[20:43:28] [Spigot Watchdog Thread/ERROR]: 		java.lang.Thread.run(Unknown Source)
[20:43:28] [Spigot Watchdog Thread/ERROR]: ------------------------------
[20:43:28] [Spigot Watchdog Thread/ERROR]: Current Thread: Spigot Metrics Thread
[20:43:28] [Spigot Watchdog Thread/ERROR]: 	PID: 35 | Suspended: false | Native: false | State: TIMED_WAITING
[20:43:28] [Spigot Watchdog Thread/ERROR]: 	Stack:
[20:43:28] [Spigot Watchdog Thread/ERROR]: 		java.lang.Object.wait(Native Method)
[20:43:28] [Spigot Watchdog Thread/ERROR]: 		java.util.TimerThread.mainLoop(Unknown Source)
[20:43:28] [Spigot Watchdog Thread/ERROR]: 		java.util.TimerThread.run(Unknown Source)
[20:43:28] [Spigot Watchdog Thread/ERROR]: ------------------------------
[20:43:28] [Spigot Watchdog Thread/ERROR]: Current Thread: Spigot Watchdog Thread
[20:43:28] [Spigot Watchdog Thread/ERROR]: 	PID: 34 | Suspended: false | Native: false | State: RUNNABLE
[20:43:28] [Spigot Watchdog Thread/ERROR]: 	Stack:
[20:43:28] [Spigot Watchdog Thread/ERROR]: 		sun.management.ThreadImpl.dumpThreads0(Native Method)
[20:43:28] [Spigot Watchdog Thread/ERROR]: 		sun.management.ThreadImpl.dumpAllThreads(Unknown Source)
[20:43:28] [Spigot Watchdog Thread/ERROR]: 		org.spigotmc.WatchdogThread.run(WatchdogThread.java:86)
[20:43:28] [Spigot Watchdog Thread/ERROR]: ------------------------------
[20:43:28] [Spigot Watchdog Thread/ERROR]: Current Thread: Server console handler
[20:43:28] [Spigot Watchdog Thread/ERROR]: 	PID: 31 | Suspended: false | Native: true | State: RUNNABLE
[20:43:28] [Spigot Watchdog Thread/ERROR]: 	Thread is waiting on monitor(s):
[20:43:28] [Spigot Watchdog Thread/ERROR]: 		Locked on:org.bukkit.craftbukkit.libs.jline.internal.NonBlockingInputStream.read(NonBlockingInputStream.java:169)
[20:43:28] [Spigot Watchdog Thread/ERROR]: 		Locked on:org.bukkit.craftbukkit.libs.jline.internal.InputStreamReader.read(InputStreamReader.java:261)
[20:43:28] [Spigot Watchdog Thread/ERROR]: 		Locked on:org.bukkit.craftbukkit.libs.jline.internal.InputStreamReader.read(InputStreamReader.java:198)
[20:43:28] [Spigot Watchdog Thread/ERROR]: 	Stack:
[20:43:28] [Spigot Watchdog Thread/ERROR]: 		org.fusesource.jansi.internal.Kernel32.ReadConsoleInputW(Native Method)
[20:43:28] [Spigot Watchdog Thread/ERROR]: 		org.fusesource.jansi.internal.Kernel32.readConsoleInputHelper(Kernel32.java:761)
[20:43:28] [Spigot Watchdog Thread/ERROR]: 		org.fusesource.jansi.internal.Kernel32.readConsoleKeyInput(Kernel32.java:794)
[20:43:28] [Spigot Watchdog Thread/ERROR]: 		org.fusesource.jansi.internal.WindowsSupport.readConsoleInput(WindowsSupport.java:97)
[20:43:28] [Spigot Watchdog Thread/ERROR]: 		org.bukkit.craftbukkit.libs.jline.WindowsTerminal.readConsoleInput(WindowsTerminal.java:215)
[20:43:28] [Spigot Watchdog Thread/ERROR]: 		org.bukkit.craftbukkit.libs.jline.WindowsTerminal.access$000(WindowsTerminal.java:55)
[20:43:28] [Spigot Watchdog Thread/ERROR]: 		org.bukkit.craftbukkit.libs.jline.WindowsTerminal$1.read(WindowsTerminal.java:157)
[20:43:28] [Spigot Watchdog Thread/ERROR]: 		org.bukkit.craftbukkit.libs.jline.internal.NonBlockingInputStream.read(NonBlockingInputStream.java:169)
[20:43:28] [Spigot Watchdog Thread/ERROR]: 		org.bukkit.craftbukkit.libs.jline.internal.NonBlockingInputStream.read(NonBlockingInputStream.java:137)
[20:43:28] [Spigot Watchdog Thread/ERROR]: 		org.bukkit.craftbukkit.libs.jline.internal.NonBlockingInputStream.read(NonBlockingInputStream.java:246)
[20:43:28] [Spigot Watchdog Thread/ERROR]: 		org.bukkit.craftbukkit.libs.jline.internal.InputStreamReader.read(InputStreamReader.java:261)
[20:43:28] [Spigot Watchdog Thread/ERROR]: 		org.bukkit.craftbukkit.libs.jline.internal.InputStreamReader.read(InputStreamReader.java:198)
[20:43:28] [Spigot Watchdog Thread/ERROR]: 		org.bukkit.craftbukkit.libs.jline.console.ConsoleReader.readCharacter(ConsoleReader.java:2145)
[20:43:28] [Spigot Watchdog Thread/ERROR]: 		org.bukkit.craftbukkit.libs.jline.console.ConsoleReader.readLine(ConsoleReader.java:2349)
[20:43:28] [Spigot Watchdog Thread/ERROR]: 		net.minecraft.server.v1_15_R1.DedicatedServer$2.run(DedicatedServer.java:96)
[20:43:28] [Spigot Watchdog Thread/ERROR]: ------------------------------
[20:43:28] [Spigot Watchdog Thread/ERROR]: Current Thread: TerminalConsoleWriter
[20:43:28] [Spigot Watchdog Thread/ERROR]: 	PID: 33 | Suspended: false | Native: false | State: WAITING
[20:43:28] [Spigot Watchdog Thread/ERROR]: 	Stack:
[20:43:28] [Spigot Watchdog Thread/ERROR]: 		sun.misc.Unsafe.park(Native Method)
[20:43:28] [Spigot Watchdog Thread/ERROR]: 		java.util.concurrent.locks.LockSupport.park(Unknown Source)
[20:43:28] [Spigot Watchdog Thread/ERROR]: 		java.util.concurrent.locks.AbstractQueuedSynchronizer$ConditionObject.await(Unknown Source)
[20:43:28] [Spigot Watchdog Thread/ERROR]: 		java.util.concurrent.LinkedBlockingQueue.take(Unknown Source)
[20:43:28] [Spigot Watchdog Thread/ERROR]: 		com.mojang.util.QueueLogAppender.getNextLogEvent(QueueLogAppender.java:77)
[20:43:28] [Spigot Watchdog Thread/ERROR]: 		org.bukkit.craftbukkit.v1_15_R1.util.TerminalConsoleWriterThread.run(TerminalConsoleWriterThread.java:31)
[20:43:28] [Spigot Watchdog Thread/ERROR]: ------------------------------
[20:43:28] [Spigot Watchdog Thread/ERROR]: Current Thread: D3D Screen Updater
[20:43:28] [Spigot Watchdog Thread/ERROR]: 	PID: 32 | Suspended: false | Native: false | State: TIMED_WAITING
[20:43:28] [Spigot Watchdog Thread/ERROR]: 	Stack:
[20:43:28] [Spigot Watchdog Thread/ERROR]: 		java.lang.Object.wait(Native Method)
[20:43:28] [Spigot Watchdog Thread/ERROR]: 		sun.java2d.d3d.D3DScreenUpdateManager.run(Unknown Source)
[20:43:28] [Spigot Watchdog Thread/ERROR]: 		java.lang.Thread.run(Unknown Source)
[20:43:28] [Spigot Watchdog Thread/ERROR]: ------------------------------
[20:43:28] [Spigot Watchdog Thread/ERROR]: Current Thread: DestroyJavaVM
[20:43:28] [Spigot Watchdog Thread/ERROR]: 	PID: 30 | Suspended: false | Native: false | State: RUNNABLE
[20:43:28] [Spigot Watchdog Thread/ERROR]: 	Stack:
[20:43:28] [Spigot Watchdog Thread/ERROR]: ------------------------------
[20:43:28] [Spigot Watchdog Thread/ERROR]: Current Thread: Server thread
[20:43:28] [Spigot Watchdog Thread/ERROR]: 	PID: 17 | Suspended: false | Native: false | State: WAITING
[20:43:28] [Spigot Watchdog Thread/ERROR]: 	Stack:
[20:43:28] [Spigot Watchdog Thread/ERROR]: 		sun.misc.Unsafe.park(Native Method)
[20:43:28] [Spigot Watchdog Thread/ERROR]: 		java.util.concurrent.locks.LockSupport.park(Unknown Source)
[20:43:28] [Spigot Watchdog Thread/ERROR]: 		java.util.concurrent.CompletableFuture$Signaller.block(Unknown Source)
[20:43:28] [Spigot Watchdog Thread/ERROR]: 		java.util.concurrent.ForkJoinPool.managedBlock(Unknown Source)
[20:43:28] [Spigot Watchdog Thread/ERROR]: 		java.util.concurrent.CompletableFuture.waitingGet(Unknown Source)
[20:43:28] [Spigot Watchdog Thread/ERROR]: 		java.util.concurrent.CompletableFuture.join(Unknown Source)
[20:43:28] [Spigot Watchdog Thread/ERROR]: 		net.minecraft.server.v1_15_R1.IOWorker.a(SourceFile:93)
[20:43:28] [Spigot Watchdog Thread/ERROR]: 		net.minecraft.server.v1_15_R1.IChunkLoader.read(IChunkLoader.java:89)
[20:43:28] [Spigot Watchdog Thread/ERROR]: 		net.minecraft.server.v1_15_R1.PlayerChunkMap.readChunkData(PlayerChunkMap.java:830)
[20:43:28] [Spigot Watchdog Thread/ERROR]: 		net.minecraft.server.v1_15_R1.PlayerChunkMap.lambda$21(PlayerChunkMap.java:482)
[20:43:28] [Spigot Watchdog Thread/ERROR]: 		net.minecraft.server.v1_15_R1.PlayerChunkMap$$Lambda$2249/1444373507.get(Unknown Source)
[20:43:28] [Spigot Watchdog Thread/ERROR]: 		java.util.concurrent.CompletableFuture$AsyncSupply.run(Unknown Source)
[20:43:28] [Spigot Watchdog Thread/ERROR]: 		net.minecraft.server.v1_15_R1.IAsyncTaskHandler.executeTask(SourceFile:144)
[20:43:28] [Spigot Watchdog Thread/ERROR]: 		net.minecraft.server.v1_15_R1.ChunkProviderServer$a.executeTask(ChunkProviderServer.java:567)
[20:43:28] [Spigot Watchdog Thread/ERROR]: 		net.minecraft.server.v1_15_R1.IAsyncTaskHandler.executeNext(SourceFile:118)
[20:43:28] [Spigot Watchdog Thread/ERROR]: 		net.minecraft.server.v1_15_R1.ChunkProviderServer$a.executeNext(ChunkProviderServer.java:578)
[20:43:28] [Spigot Watchdog Thread/ERROR]: 		net.minecraft.server.v1_15_R1.IAsyncTaskHandler.awaitTasks(SourceFile:127)
[20:43:28] [Spigot Watchdog Thread/ERROR]: 		net.minecraft.server.v1_15_R1.ChunkProviderServer.getChunkAt(ChunkProviderServer.java:108)
[20:43:28] [Spigot Watchdog Thread/ERROR]: 		net.minecraft.server.v1_15_R1.World.getChunkAt(World.java:198)
[20:43:28] [Spigot Watchdog Thread/ERROR]: 		net.minecraft.server.v1_15_R1.IWorldReader.getChunkAt(SourceFile:108)
[20:43:28] [Spigot Watchdog Thread/ERROR]: 		net.minecraft.server.v1_15_R1.World.getChunkAt(World.java:193)
[20:43:28] [Spigot Watchdog Thread/ERROR]: 		net.minecraft.server.v1_15_R1.World.getType(World.java:517)
[20:43:28] [Spigot Watchdog Thread/ERROR]: 		net.minecraft.server.v1_15_R1.VoxelShapes.a(SourceFile:259)
[20:43:28] [Spigot Watchdog Thread/ERROR]: 		net.minecraft.server.v1_15_R1.VoxelShapes.a(SourceFile:207)
[20:43:28] [Spigot Watchdog Thread/ERROR]: 		net.minecraft.server.v1_15_R1.Entity.a(Entity.java:833)
[20:43:28] [Spigot Watchdog Thread/ERROR]: 		net.minecraft.server.v1_15_R1.Entity.a(Entity.java:788)
[20:43:28] [Spigot Watchdog Thread/ERROR]: 		net.minecraft.server.v1_15_R1.Entity.e(Entity.java:756)
[20:43:28] [Spigot Watchdog Thread/ERROR]: 		net.minecraft.server.v1_15_R1.Entity.move(Entity.java:528)
[20:43:28] [Spigot Watchdog Thread/ERROR]: 		net.minecraft.server.v1_15_R1.EntityLiving.e(EntityLiving.java:2187)
[20:43:28] [Spigot Watchdog Thread/ERROR]: 		net.minecraft.server.v1_15_R1.EntityTurtle.e(EntityTurtle.java:275)
[20:43:28] [Spigot Watchdog Thread/ERROR]: 		net.minecraft.server.v1_15_R1.EntityLiving.movementTick(EntityLiving.java:2549)
[20:43:28] [Spigot Watchdog Thread/ERROR]: 		net.minecraft.server.v1_15_R1.EntityInsentient.movementTick(EntityInsentient.java:504)
[20:43:28] [Spigot Watchdog Thread/ERROR]: 		net.minecraft.server.v1_15_R1.EntityAgeable.movementTick(EntityAgeable.java:170)
[20:43:28] [Spigot Watchdog Thread/ERROR]: 		net.minecraft.server.v1_15_R1.EntityAnimal.movementTick(EntityAnimal.java:28)
[20:43:28] [Spigot Watchdog Thread/ERROR]: 		net.minecraft.server.v1_15_R1.EntityTurtle.movementTick(EntityTurtle.java:243)
[20:43:28] [Spigot Watchdog Thread/ERROR]: 		net.minecraft.server.v1_15_R1.EntityLiving.tick(EntityLiving.java:2353)
[20:43:28] [Spigot Watchdog Thread/ERROR]: 		net.minecraft.server.v1_15_R1.EntityInsentient.tick(EntityInsentient.java:273)
[20:43:28] [Spigot Watchdog Thread/ERROR]: 		net.minecraft.server.v1_15_R1.WorldServer.entityJoinedWorld(WorldServer.java:626)
[20:43:28] [Spigot Watchdog Thread/ERROR]: 		net.minecraft.server.v1_15_R1.WorldServer$$Lambda$2576/1691222067.accept(Unknown Source)
[20:43:28] [Spigot Watchdog Thread/ERROR]: 		net.minecraft.server.v1_15_R1.World.a(World.java:718)
[20:43:28] [Spigot Watchdog Thread/ERROR]: 		net.minecraft.server.v1_15_R1.WorldServer.doTick(WorldServer.java:395)
[20:43:28] [Spigot Watchdog Thread/ERROR]: 		net.minecraft.server.v1_15_R1.MinecraftServer.b(MinecraftServer.java:1082)
[20:43:28] [Spigot Watchdog Thread/ERROR]: 		net.minecraft.server.v1_15_R1.DedicatedServer.b(DedicatedServer.java:399)
[20:43:28] [Spigot Watchdog Thread/ERROR]: 		net.minecraft.server.v1_15_R1.MinecraftServer.a(MinecraftServer.java:984)
[20:43:28] [Spigot Watchdog Thread/ERROR]: 		net.minecraft.server.v1_15_R1.MinecraftServer.run(MinecraftServer.java:824)
[20:43:28] [Spigot Watchdog Thread/ERROR]: 		java.lang.Thread.run(Unknown Source)
[20:43:28] [Spigot Watchdog Thread/ERROR]: ------------------------------
[20:43:28] [Spigot Watchdog Thread/ERROR]: Current Thread: Thread-5
[20:43:28] [Spigot Watchdog Thread/ERROR]: 	PID: 27 | Suspended: false | Native: false | State: WAITING
[20:43:28] [Spigot Watchdog Thread/ERROR]: 	Stack:
[20:43:28] [Spigot Watchdog Thread/ERROR]: 		sun.misc.Unsafe.park(Native Method)
[20:43:28] [Spigot Watchdog Thread/ERROR]: 		java.util.concurrent.locks.LockSupport.park(Unknown Source)
[20:43:28] [Spigot Watchdog Thread/ERROR]: 		java.util.concurrent.locks.AbstractQueuedSynchronizer$ConditionObject.await(Unknown Source)
[20:43:28] [Spigot Watchdog Thread/ERROR]: 		java.util.concurrent.LinkedBlockingQueue.take(Unknown Source)
[20:43:28] [Spigot Watchdog Thread/ERROR]: 		com.mojang.util.QueueLogAppender.getNextLogEvent(QueueLogAppender.java:77)
[20:43:28] [Spigot Watchdog Thread/ERROR]: 		net.minecraft.server.v1_15_R1.ServerGUI.lambda$3(ServerGUI.java:137)
[20:43:28] [Spigot Watchdog Thread/ERROR]: 		net.minecraft.server.v1_15_R1.ServerGUI$$Lambda$1945/346866494.run(Unknown Source)
[20:43:28] [Spigot Watchdog Thread/ERROR]: 		java.lang.Thread.run(Unknown Source)
[20:43:28] [Spigot Watchdog Thread/ERROR]: ------------------------------
[20:43:28] [Spigot Watchdog Thread/ERROR]: Current Thread: TimerQueue
[20:43:28] [Spigot Watchdog Thread/ERROR]: 	PID: 28 | Suspended: false | Native: false | State: TIMED_WAITING
[20:43:28] [Spigot Watchdog Thread/ERROR]: 	Stack:
[20:43:28] [Spigot Watchdog Thread/ERROR]: 		sun.misc.Unsafe.park(Native Method)
[20:43:28] [Spigot Watchdog Thread/ERROR]: 		java.util.concurrent.locks.LockSupport.parkNanos(Unknown Source)
[20:43:28] [Spigot Watchdog Thread/ERROR]: 		java.util.concurrent.locks.AbstractQueuedSynchronizer$ConditionObject.awaitNanos(Unknown Source)
[20:43:28] [Spigot Watchdog Thread/ERROR]: 		java.util.concurrent.DelayQueue.take(Unknown Source)
[20:43:28] [Spigot Watchdog Thread/ERROR]: 		javax.swing.TimerQueue.run(Unknown Source)
[20:43:28] [Spigot Watchdog Thread/ERROR]: 		java.lang.Thread.run(Unknown Source)
[20:43:28] [Spigot Watchdog Thread/ERROR]: ------------------------------
[20:43:28] [Spigot Watchdog Thread/ERROR]: Current Thread: AWT-EventQueue-0
[20:43:28] [Spigot Watchdog Thread/ERROR]: 	PID: 26 | Suspended: false | Native: false | State: RUNNABLE
[20:43:28] [Spigot Watchdog Thread/ERROR]: 	Stack:
[20:43:28] [Spigot Watchdog Thread/ERROR]: 		sun.java2d.d3d.D3DBlitLoops.IsoBlit(Unknown Source)
[20:43:28] [Spigot Watchdog Thread/ERROR]: 		sun.java2d.d3d.D3DRTTSurfaceToSurfaceBlit.Blit(Unknown Source)
[20:43:28] [Spigot Watchdog Thread/ERROR]: 		sun.java2d.pipe.DrawImage.blitSurfaceData(Unknown Source)
[20:43:28] [Spigot Watchdog Thread/ERROR]: 		sun.java2d.pipe.DrawImage.renderImageCopy(Unknown Source)
[20:43:28] [Spigot Watchdog Thread/ERROR]: 		sun.java2d.pipe.DrawImage.copyImage(Unknown Source)
[20:43:28] [Spigot Watchdog Thread/ERROR]: 		sun.java2d.pipe.DrawImage.copyImage(Unknown Source)
[20:43:28] [Spigot Watchdog Thread/ERROR]: 		sun.java2d.pipe.ValidatePipe.copyImage(Unknown Source)
[20:43:28] [Spigot Watchdog Thread/ERROR]: 		sun.java2d.SunGraphics2D.drawImage(Unknown Source)
[20:43:28] [Spigot Watchdog Thread/ERROR]: 		sun.java2d.SunGraphics2D.drawImage(Unknown Source)
[20:43:28] [Spigot Watchdog Thread/ERROR]: 		javax.swing.RepaintManager$PaintManager.paintDoubleBuffered(Unknown Source)
[20:43:28] [Spigot Watchdog Thread/ERROR]: 		javax.swing.RepaintManager$PaintManager.paint(Unknown Source)
[20:43:28] [Spigot Watchdog Thread/ERROR]: 		javax.swing.RepaintManager.paint(Unknown Source)
[20:43:28] [Spigot Watchdog Thread/ERROR]: 		javax.swing.JComponent.paintForceDoubleBuffered(Unknown Source)
[20:43:28] [Spigot Watchdog Thread/ERROR]: 		javax.swing.JViewport.blitDoubleBuffered(Unknown Source)
[20:43:28] [Spigot Watchdog Thread/ERROR]: 		javax.swing.JViewport.windowBlitPaint(Unknown Source)
[20:43:28] [Spigot Watchdog Thread/ERROR]: 		javax.swing.JViewport.setViewPosition(Unknown Source)
[20:43:28] [Spigot Watchdog Thread/ERROR]: 		javax.swing.JViewport.scrollRectToVisible(Unknown Source)
[20:43:28] [Spigot Watchdog Thread/ERROR]: 		javax.swing.JComponent.scrollRectToVisible(Unknown Source)
[20:43:28] [Spigot Watchdog Thread/ERROR]: 		javax.swing.text.DefaultCaret.adjustVisibility(Unknown Source)
[20:43:28] [Spigot Watchdog Thread/ERROR]: 		javax.swing.text.DefaultCaret.repaintNewCaret(Unknown Source)
[20:43:28] [Spigot Watchdog Thread/ERROR]: 		javax.swing.text.DefaultCaret$1.run(Unknown Source)
[20:43:28] [Spigot Watchdog Thread/ERROR]: 		java.awt.event.InvocationEvent.dispatch(Unknown Source)
[20:43:28] [Spigot Watchdog Thread/ERROR]: 		java.awt.EventQueue.dispatchEventImpl(Unknown Source)
[20:43:28] [Spigot Watchdog Thread/ERROR]: 		java.awt.EventQueue.access$500(Unknown Source)
[20:43:28] [Spigot Watchdog Thread/ERROR]: 		java.awt.EventQueue$3.run(Unknown Source)
[20:43:28] [Spigot Watchdog Thread/ERROR]: 		java.awt.EventQueue$3.run(Unknown Source)
[20:43:28] [Spigot Watchdog Thread/ERROR]: 		java.security.AccessController.doPrivileged(Native Method)
[20:43:28] [Spigot Watchdog Thread/ERROR]: 		java.security.ProtectionDomain$JavaSecurityAccessImpl.doIntersectionPrivilege(Unknown Source)
[20:43:28] [Spigot Watchdog Thread/ERROR]: 		java.awt.EventQueue.dispatchEvent(Unknown Source)
[20:43:28] [Spigot Watchdog Thread/ERROR]: 		java.awt.EventDispatchThread.pumpOneEventForFilters(Unknown Source)
[20:43:28] [Spigot Watchdog Thread/ERROR]: 		java.awt.EventDispatchThread.pumpEventsForFilter(Unknown Source)
[20:43:28] [Spigot Watchdog Thread/ERROR]: 		java.awt.EventDispatchThread.pumpEventsForHierarchy(Unknown Source)
[20:43:28] [Spigot Watchdog Thread/ERROR]: 		java.awt.EventDispatchThread.pumpEvents(Unknown Source)
[20:43:28] [Spigot Watchdog Thread/ERROR]: 		java.awt.EventDispatchThread.pumpEvents(Unknown Source)
[20:43:28] [Spigot Watchdog Thread/ERROR]: 		java.awt.EventDispatchThread.run(Unknown Source)
[20:43:28] [Spigot Watchdog Thread/ERROR]: ------------------------------
[20:43:28] [Spigot Watchdog Thread/ERROR]: Current Thread: AWT-Windows
[20:43:28] [Spigot Watchdog Thread/ERROR]: 	PID: 24 | Suspended: false | Native: true | State: RUNNABLE
[20:43:28] [Spigot Watchdog Thread/ERROR]: 	Stack:
[20:43:28] [Spigot Watchdog Thread/ERROR]: 		sun.awt.windows.WToolkit.eventLoop(Native Method)
[20:43:28] [Spigot Watchdog Thread/ERROR]: 		sun.awt.windows.WToolkit.run(Unknown Source)
[20:43:28] [Spigot Watchdog Thread/ERROR]: 		java.lang.Thread.run(Unknown Source)
[20:43:28] [Spigot Watchdog Thread/ERROR]: ------------------------------
[20:43:28] [Spigot Watchdog Thread/ERROR]: Current Thread: AWT-Shutdown
[20:43:28] [Spigot Watchdog Thread/ERROR]: 	PID: 23 | Suspended: false | Native: false | State: WAITING
[20:43:28] [Spigot Watchdog Thread/ERROR]: 	Stack:
[20:43:28] [Spigot Watchdog Thread/ERROR]: 		java.lang.Object.wait(Native Method)
[20:43:28] [Spigot Watchdog Thread/ERROR]: 		java.lang.Object.wait(Unknown Source)
[20:43:28] [Spigot Watchdog Thread/ERROR]: 		sun.awt.AWTAutoShutdown.run(Unknown Source)
[20:43:28] [Spigot Watchdog Thread/ERROR]: 		java.lang.Thread.run(Unknown Source)
[20:43:28] [Spigot Watchdog Thread/ERROR]: ------------------------------
[20:43:28] [Spigot Watchdog Thread/ERROR]: Current Thread: Java2D Disposer
[20:43:28] [Spigot Watchdog Thread/ERROR]: 	PID: 22 | Suspended: false | Native: false | State: WAITING
[20:43:28] [Spigot Watchdog Thread/ERROR]: 	Stack:
[20:43:28] [Spigot Watchdog Thread/ERROR]: 		java.lang.Object.wait(Native Method)
[20:43:28] [Spigot Watchdog Thread/ERROR]: 		java.lang.ref.ReferenceQueue.remove(Unknown Source)
[20:43:28] [Spigot Watchdog Thread/ERROR]: 		java.lang.ref.ReferenceQueue.remove(Unknown Source)
[20:43:28] [Spigot Watchdog Thread/ERROR]: 		sun.java2d.Disposer.run(Unknown Source)
[20:43:28] [Spigot Watchdog Thread/ERROR]: 		java.lang.Thread.run(Unknown Source)
[20:43:28] [Spigot Watchdog Thread/ERROR]: ------------------------------
[20:43:28] [Spigot Watchdog Thread/ERROR]: Current Thread: Server Infinisleeper
[20:43:28] [Spigot Watchdog Thread/ERROR]: 	PID: 21 | Suspended: false | Native: false | State: TIMED_WAITING
[20:43:28] [Spigot Watchdog Thread/ERROR]: 	Stack:
[20:43:28] [Spigot Watchdog Thread/ERROR]: 		java.lang.Thread.sleep(Native Method)
[20:43:28] [Spigot Watchdog Thread/ERROR]: 		net.minecraft.server.v1_15_R1.DedicatedServer$1.run(DedicatedServer.java:70)
[20:43:28] [Spigot Watchdog Thread/ERROR]: ------------------------------
[20:43:28] [Spigot Watchdog Thread/ERROR]: Current Thread: NonBlockingInputStreamThread
[20:43:28] [Spigot Watchdog Thread/ERROR]: 	PID: 19 | Suspended: false | Native: false | State: WAITING
[20:43:28] [Spigot Watchdog Thread/ERROR]: 	Stack:
[20:43:28] [Spigot Watchdog Thread/ERROR]: 		java.lang.Object.wait(Native Method)
[20:43:28] [Spigot Watchdog Thread/ERROR]: 		org.bukkit.craftbukkit.libs.jline.internal.NonBlockingInputStream.run(NonBlockingInputStream.java:278)
[20:43:28] [Spigot Watchdog Thread/ERROR]: 		java.lang.Thread.run(Unknown Source)
[20:43:28] [Spigot Watchdog Thread/ERROR]: ------------------------------
[20:43:28] [Spigot Watchdog Thread/ERROR]: Current Thread: Snooper Timer
[20:43:28] [Spigot Watchdog Thread/ERROR]: 	PID: 16 | Suspended: false | Native: false | State: WAITING
[20:43:28] [Spigot Watchdog Thread/ERROR]: 	Stack:
[20:43:28] [Spigot Watchdog Thread/ERROR]: 		java.lang.Object.wait(Native Method)
[20:43:28] [Spigot Watchdog Thread/ERROR]: 		java.lang.Object.wait(Unknown Source)
[20:43:28] [Spigot Watchdog Thread/ERROR]: 		java.util.TimerThread.mainLoop(Unknown Source)
[20:43:28] [Spigot Watchdog Thread/ERROR]: 		java.util.TimerThread.run(Unknown Source)
[20:43:28] [Spigot Watchdog Thread/ERROR]: ------------------------------
[20:43:28] [Spigot Watchdog Thread/ERROR]: Current Thread: Attach Listener
[20:43:28] [Spigot Watchdog Thread/ERROR]: 	PID: 5 | Suspended: false | Native: false | State: RUNNABLE
[20:43:28] [Spigot Watchdog Thread/ERROR]: 	Stack:
[20:43:28] [Spigot Watchdog Thread/ERROR]: ------------------------------
[20:43:28] [Spigot Watchdog Thread/ERROR]: Current Thread: Signal Dispatcher
[20:43:28] [Spigot Watchdog Thread/ERROR]: 	PID: 4 | Suspended: false | Native: false | State: RUNNABLE
[20:43:28] [Spigot Watchdog Thread/ERROR]: 	Stack:
[20:43:28] [Spigot Watchdog Thread/ERROR]: ------------------------------
[20:43:28] [Spigot Watchdog Thread/ERROR]: Current Thread: Finalizer
[20:43:28] [Spigot Watchdog Thread/ERROR]: 	PID: 3 | Suspended: false | Native: false | State: WAITING
[20:43:28] [Spigot Watchdog Thread/ERROR]: 	Stack:
[20:43:28] [Spigot Watchdog Thread/ERROR]: 		java.lang.Object.wait(Native Method)
[20:43:28] [Spigot Watchdog Thread/ERROR]: 		java.lang.ref.ReferenceQueue.remove(Unknown Source)
[20:43:28] [Spigot Watchdog Thread/ERROR]: 		java.lang.ref.ReferenceQueue.remove(Unknown Source)
[20:43:28] [Spigot Watchdog Thread/ERROR]: 		java.lang.ref.Finalizer$FinalizerThread.run(Unknown Source)
[20:43:28] [Spigot Watchdog Thread/ERROR]: ------------------------------
[20:43:28] [Spigot Watchdog Thread/ERROR]: Current Thread: Reference Handler
[20:43:28] [Spigot Watchdog Thread/ERROR]: 	PID: 2 | Suspended: false | Native: false | State: WAITING
[20:43:28] [Spigot Watchdog Thread/ERROR]: 	Stack:
[20:43:28] [Spigot Watchdog Thread/ERROR]: 		java.lang.Object.wait(Native Method)
[20:43:28] [Spigot Watchdog Thread/ERROR]: 		java.lang.Object.wait(Unknown Source)
[20:43:28] [Spigot Watchdog Thread/ERROR]: 		java.lang.ref.Reference.tryHandlePending(Unknown Source)
[20:43:28] [Spigot Watchdog Thread/ERROR]: 		java.lang.ref.Reference$ReferenceHandler.run(Unknown Source)
[20:43:28] [Spigot Watchdog Thread/ERROR]: ------------------------------
[20:43:28] [Spigot Watchdog Thread/INFO]: Attempting to restart with ./start.sh
[20:43:28] [Spigot Watchdog Thread/INFO]: miemiesheep lost connection: Server is restarting
[20:43:30] [Spigot Watchdog Thread/WARN]: java.lang.IllegalStateException: Removing entity while ticking!
[20:43:30] [Spigot Watchdog Thread/WARN]: 	at net.minecraft.server.v1_15_R1.WorldServer.removeEntity(WorldServer.java:1169)
[20:43:30] [Spigot Watchdog Thread/WARN]: 	at net.minecraft.server.v1_15_R1.WorldServer.removePlayer(WorldServer.java:1188)
[20:43:30] [Spigot Watchdog Thread/WARN]: 	at net.minecraft.server.v1_15_R1.PlayerList.disconnect(PlayerList.java:414)
[20:43:30] [Spigot Watchdog Thread/WARN]: 	at net.minecraft.server.v1_15_R1.PlayerConnection.a(PlayerConnection.java:1370)
[20:43:30] [Spigot Watchdog Thread/WARN]: 	at net.minecraft.server.v1_15_R1.PlayerConnection.disconnect(PlayerConnection.java:268)
[20:43:30] [Spigot Watchdog Thread/WARN]: 	at org.spigotmc.RestartCommand.restart(RestartCommand.java:59)
[20:43:30] [Spigot Watchdog Thread/WARN]: 	at org.spigotmc.RestartCommand.restart(RestartCommand.java:40)
[20:43:30] [Spigot Watchdog Thread/WARN]: 	at org.spigotmc.WatchdogThread.run(WatchdogThread.java:95)
