[00:00:34] [Server-Worker-186591/WARN]: Server-Worker-186591 died
java.lang.OutOfMemoryError: Java heap space
	at org.bukkit.craftbukkit.libs.it.unimi.dsi.fastutil.longs.Long2IntOpenHashMap.clone(Long2IntOpenHashMap.java:1176) ~[spigot-1.15.2.jar:git-Spigot-800b93f-8160e29]
	at net.minecraft.server.v1_15_R1.LightEngineStorageSky$a.b(SourceFile:326) ~[spigot-1.15.2.jar:git-Spigot-800b93f-8160e29]
	at net.minecraft.server.v1_15_R1.LightEngineStorageSky$a.b(SourceFile:310) ~[spigot-1.15.2.jar:git-Spigot-800b93f-8160e29]
	at net.minecraft.server.v1_15_R1.LightEngineStorage.e(SourceFile:365) ~[spigot-1.15.2.jar:git-Spigot-800b93f-8160e29]
	at net.minecraft.server.v1_15_R1.LightEngineLayer.a(SourceFile:203) ~[spigot-1.15.2.jar:git-Spigot-800b93f-8160e29]
	at net.minecraft.server.v1_15_R1.LightEngine.a(SourceFile:61) ~[spigot-1.15.2.jar:git-Spigot-800b93f-8160e29]
	at net.minecraft.server.v1_15_R1.LightEngineThreaded.b(SourceFile:176) ~[spigot-1.15.2.jar:git-Spigot-800b93f-8160e29]
	at net.minecraft.server.v1_15_R1.LightEngineThreaded.c(SourceFile:155) ~[spigot-1.15.2.jar:git-Spigot-800b93f-8160e29]
	at net.minecraft.server.v1_15_R1.LightEngineThreaded$$Lambda$2313/426438537.run(Unknown Source) ~[?:?]
	at net.minecraft.server.v1_15_R1.ThreadedMailbox.e(SourceFile:83) ~[spigot-1.15.2.jar:git-Spigot-800b93f-8160e29]
	at net.minecraft.server.v1_15_R1.ThreadedMailbox.a(SourceFile:123) ~[spigot-1.15.2.jar:git-Spigot-800b93f-8160e29]
	at net.minecraft.server.v1_15_R1.ThreadedMailbox.run(SourceFile:91) ~[spigot-1.15.2.jar:git-Spigot-800b93f-8160e29]
	at java.util.concurrent.ForkJoinTask$RunnableExecuteAction.exec(Unknown Source) ~[?:1.8.0_181]
	at java.util.concurrent.ForkJoinTask.doExec(Unknown Source) ~[?:1.8.0_181]
	at java.util.concurrent.ForkJoinPool$WorkQueue.runTask(Unknown Source) ~[?:1.8.0_181]
	at java.util.concurrent.ForkJoinPool.runWorker(Unknown Source) ~[?:1.8.0_181]
	at java.util.concurrent.ForkJoinWorkerThread.run(Unknown Source) [?:1.8.0_181]
[00:00:43] [Server-Worker-186591/ERROR]: Caught exception in thread Thread[Server-Worker-186591,5,main]
java.lang.OutOfMemoryError: Java heap space
	at org.bukkit.craftbukkit.libs.it.unimi.dsi.fastutil.longs.Long2IntOpenHashMap.clone(Long2IntOpenHashMap.java:1176) ~[spigot-1.15.2.jar:git-Spigot-800b93f-8160e29]
	at net.minecraft.server.v1_15_R1.LightEngineStorageSky$a.b(SourceFile:326) ~[spigot-1.15.2.jar:git-Spigot-800b93f-8160e29]
	at net.minecraft.server.v1_15_R1.LightEngineStorageSky$a.b(SourceFile:310) ~[spigot-1.15.2.jar:git-Spigot-800b93f-8160e29]
	at net.minecraft.server.v1_15_R1.LightEngineStorage.e(SourceFile:365) ~[spigot-1.15.2.jar:git-Spigot-800b93f-8160e29]
	at net.minecraft.server.v1_15_R1.LightEngineLayer.a(SourceFile:203) ~[spigot-1.15.2.jar:git-Spigot-800b93f-8160e29]
	at net.minecraft.server.v1_15_R1.LightEngine.a(SourceFile:61) ~[spigot-1.15.2.jar:git-Spigot-800b93f-8160e29]
	at net.minecraft.server.v1_15_R1.LightEngineThreaded.b(SourceFile:176) ~[spigot-1.15.2.jar:git-Spigot-800b93f-8160e29]
	at net.minecraft.server.v1_15_R1.LightEngineThreaded.c(SourceFile:155) ~[spigot-1.15.2.jar:git-Spigot-800b93f-8160e29]
	at net.minecraft.server.v1_15_R1.LightEngineThreaded$$Lambda$2313/426438537.run(Unknown Source) ~[?:?]
	at net.minecraft.server.v1_15_R1.ThreadedMailbox.e(SourceFile:83) ~[spigot-1.15.2.jar:git-Spigot-800b93f-8160e29]
	at net.minecraft.server.v1_15_R1.ThreadedMailbox.a(SourceFile:123) ~[spigot-1.15.2.jar:git-Spigot-800b93f-8160e29]
	at net.minecraft.server.v1_15_R1.ThreadedMailbox.run(SourceFile:91) ~[spigot-1.15.2.jar:git-Spigot-800b93f-8160e29]
	at java.util.concurrent.ForkJoinTask$RunnableExecuteAction.exec(Unknown Source) ~[?:1.8.0_181]
	at java.util.concurrent.ForkJoinTask.doExec(Unknown Source) ~[?:1.8.0_181]
	at java.util.concurrent.ForkJoinPool$WorkQueue.runTask(Unknown Source) ~[?:1.8.0_181]
	at java.util.concurrent.ForkJoinPool.runWorker(Unknown Source) ~[?:1.8.0_181]
	at java.util.concurrent.ForkJoinWorkerThread.run(Unknown Source) ~[?:1.8.0_181]
