[12:33:21] [Server thread/INFO]: Loading properties
[12:33:22] [Server thread/INFO]: This server is running CraftBukkit version git-Spigot-800b93f-8160e29 (MC: 1.15.2) (Implementing API version 1.15.2-R0.1-SNAPSHOT)
[12:33:22] [Server thread/INFO]: Debug logging is disabled
[12:33:22] [Server thread/INFO]: Using 4 threads for Netty based IO
[12:33:22] [Server thread/INFO]: Server Ping Player Sample Count: 12
[12:33:22] [Server thread/INFO]: Default game type: SURVIVAL
[12:33:22] [Server thread/INFO]: Generating keypair
[12:33:23] [Server thread/INFO]: Starting Minecraft server on *:25564
[12:33:23] [Server thread/INFO]: Using default channel type
[12:33:23] [Server thread/INFO]: Preparing level "world"
[12:33:23] [Server thread/INFO]: Reloading ResourceManager: Default, bukkit
[12:33:24] [Server thread/INFO]: Loaded 6 recipes
[12:33:25] [Server thread/INFO]: -------- World Settings For [world] --------
[12:33:25] [Server thread/INFO]: View Distance: 10
[12:33:25] [Server thread/INFO]: Arrow Despawn Rate: 1200 Trident Respawn Rate:1200
[12:33:25] [Server thread/INFO]: Custom Map Seeds:  Village: 10387312 Desert: 14357617 Igloo: 14357618 Jungle: 14357619 Swamp: 14357620 Monument: 10387313Ocean: 14357621 Shipwreck: 165745295 Slime: 987234911
[12:33:25] [Server thread/INFO]: Item Merge Radius: 2.5
[12:33:25] [Server thread/INFO]: Item Despawn Rate: 6000
[12:33:25] [Server thread/INFO]: Allow Zombie Pigmen to spawn from portal blocks: true
[12:33:25] [Server thread/INFO]: Zombie Aggressive Towards Villager: true
[12:33:25] [Server thread/INFO]: Mob Spawn Range: 6
[12:33:25] [Server thread/INFO]: Cactus Growth Modifier: 100%
[12:33:25] [Server thread/INFO]: Cane Growth Modifier: 100%
[12:33:25] [Server thread/INFO]: Melon Growth Modifier: 100%
[12:33:25] [Server thread/INFO]: Mushroom Growth Modifier: 100%
[12:33:25] [Server thread/INFO]: Pumpkin Growth Modifier: 100%
[12:33:25] [Server thread/INFO]: Sapling Growth Modifier: 100%
[12:33:25] [Server thread/INFO]: Beetroot Growth Modifier: 100%
[12:33:25] [Server thread/INFO]: Carrot Growth Modifier: 100%
[12:33:25] [Server thread/INFO]: Potato Growth Modifier: 100%
[12:33:25] [Server thread/INFO]: Wheat Growth Modifier: 100%
[12:33:25] [Server thread/INFO]: NetherWart Growth Modifier: 100%
[12:33:25] [Server thread/INFO]: Vine Growth Modifier: 100%
[12:33:25] [Server thread/INFO]: Cocoa Growth Modifier: 100%
[12:33:25] [Server thread/INFO]: Bamboo Growth Modifier: 100%
[12:33:25] [Server thread/INFO]: SweetBerry Growth Modifier: 100%
[12:33:25] [Server thread/INFO]: Kelp Growth Modifier: 100%
[12:33:25] [Server thread/INFO]: Experience Merge Radius: 3.0
[12:33:25] [Server thread/INFO]: Max TNT Explosions: 100
[12:33:25] [Server thread/INFO]: Tile Max Tick Time: 50ms Entity max Tick Time: 50ms
[12:33:25] [Server thread/INFO]: Entity Activation Range: An 32 / Mo 32 / Ra 48 / Mi 16 / Tiv true
[12:33:25] [Server thread/INFO]: Hopper Transfer: 8 Hopper Check: 1 Hopper Amount: 1
[12:33:25] [Server thread/INFO]: Entity Tracking Range: Pl 48 / An 48 / Mo 48 / Mi 32 / Other 64
[12:33:25] [Server thread/INFO]: Nerfing mobs spawned from spawners: false
[12:33:26] [Server thread/INFO]: -------- World Settings For [world_nether] --------
[12:33:26] [Server thread/INFO]: View Distance: 10
[12:33:26] [Server thread/INFO]: Arrow Despawn Rate: 1200 Trident Respawn Rate:1200
[12:33:26] [Server thread/INFO]: Custom Map Seeds:  Village: 10387312 Desert: 14357617 Igloo: 14357618 Jungle: 14357619 Swamp: 14357620 Monument: 10387313Ocean: 14357621 Shipwreck: 165745295 Slime: 987234911
[12:33:26] [Server thread/INFO]: Item Merge Radius: 2.5
[12:33:26] [Server thread/INFO]: Item Despawn Rate: 6000
[12:33:26] [Server thread/INFO]: Allow Zombie Pigmen to spawn from portal blocks: true
[12:33:26] [Server thread/INFO]: Zombie Aggressive Towards Villager: true
[12:33:26] [Server thread/INFO]: Mob Spawn Range: 6
[12:33:26] [Server thread/INFO]: Cactus Growth Modifier: 100%
[12:33:26] [Server thread/INFO]: Cane Growth Modifier: 100%
[12:33:26] [Server thread/INFO]: Melon Growth Modifier: 100%
[12:33:26] [Server thread/INFO]: Mushroom Growth Modifier: 100%
[12:33:26] [Server thread/INFO]: Pumpkin Growth Modifier: 100%
[12:33:26] [Server thread/INFO]: Sapling Growth Modifier: 100%
[12:33:26] [Server thread/INFO]: Beetroot Growth Modifier: 100%
[12:33:26] [Server thread/INFO]: Carrot Growth Modifier: 100%
[12:33:26] [Server thread/INFO]: Potato Growth Modifier: 100%
[12:33:26] [Server thread/INFO]: Wheat Growth Modifier: 100%
[12:33:26] [Server thread/INFO]: NetherWart Growth Modifier: 100%
[12:33:26] [Server thread/INFO]: Vine Growth Modifier: 100%
[12:33:26] [Server thread/INFO]: Cocoa Growth Modifier: 100%
[12:33:26] [Server thread/INFO]: Bamboo Growth Modifier: 100%
[12:33:26] [Server thread/INFO]: SweetBerry Growth Modifier: 100%
[12:33:26] [Server thread/INFO]: Kelp Growth Modifier: 100%
[12:33:26] [Server thread/INFO]: Experience Merge Radius: 3.0
[12:33:26] [Server thread/INFO]: Max TNT Explosions: 100
[12:33:26] [Server thread/INFO]: Tile Max Tick Time: 50ms Entity max Tick Time: 50ms
[12:33:26] [Server thread/INFO]: Entity Activation Range: An 32 / Mo 32 / Ra 48 / Mi 16 / Tiv true
[12:33:26] [Server thread/INFO]: Hopper Transfer: 8 Hopper Check: 1 Hopper Amount: 1
[12:33:26] [Server thread/INFO]: Entity Tracking Range: Pl 48 / An 48 / Mo 48 / Mi 32 / Other 64
[12:33:26] [Server thread/INFO]: Nerfing mobs spawned from spawners: false
[12:33:26] [Server thread/INFO]: -------- World Settings For [world_the_end] --------
[12:33:26] [Server thread/INFO]: View Distance: 10
[12:33:26] [Server thread/INFO]: Arrow Despawn Rate: 1200 Trident Respawn Rate:1200
[12:33:26] [Server thread/INFO]: Custom Map Seeds:  Village: 10387312 Desert: 14357617 Igloo: 14357618 Jungle: 14357619 Swamp: 14357620 Monument: 10387313Ocean: 14357621 Shipwreck: 165745295 Slime: 987234911
[12:33:26] [Server thread/INFO]: Item Merge Radius: 2.5
[12:33:26] [Server thread/INFO]: Item Despawn Rate: 6000
[12:33:26] [Server thread/INFO]: Allow Zombie Pigmen to spawn from portal blocks: true
[12:33:26] [Server thread/INFO]: Zombie Aggressive Towards Villager: true
[12:33:26] [Server thread/INFO]: Mob Spawn Range: 6
[12:33:26] [Server thread/INFO]: Cactus Growth Modifier: 100%
[12:33:26] [Server thread/INFO]: Cane Growth Modifier: 100%
[12:33:26] [Server thread/INFO]: Melon Growth Modifier: 100%
[12:33:26] [Server thread/INFO]: Mushroom Growth Modifier: 100%
[12:33:26] [Server thread/INFO]: Pumpkin Growth Modifier: 100%
[12:33:26] [Server thread/INFO]: Sapling Growth Modifier: 100%
[12:33:26] [Server thread/INFO]: Beetroot Growth Modifier: 100%
[12:33:26] [Server thread/INFO]: Carrot Growth Modifier: 100%
[12:33:26] [Server thread/INFO]: Potato Growth Modifier: 100%
[12:33:26] [Server thread/INFO]: Wheat Growth Modifier: 100%
[12:33:26] [Server thread/INFO]: NetherWart Growth Modifier: 100%
[12:33:26] [Server thread/INFO]: Vine Growth Modifier: 100%
[12:33:26] [Server thread/INFO]: Cocoa Growth Modifier: 100%
[12:33:26] [Server thread/INFO]: Bamboo Growth Modifier: 100%
[12:33:26] [Server thread/INFO]: SweetBerry Growth Modifier: 100%
[12:33:26] [Server thread/INFO]: Kelp Growth Modifier: 100%
[12:33:26] [Server thread/INFO]: Experience Merge Radius: 3.0
[12:33:26] [Server thread/INFO]: Max TNT Explosions: 100
[12:33:26] [Server thread/INFO]: Tile Max Tick Time: 50ms Entity max Tick Time: 50ms
[12:33:26] [Server thread/INFO]: Entity Activation Range: An 32 / Mo 32 / Ra 48 / Mi 16 / Tiv true
[12:33:26] [Server thread/INFO]: Hopper Transfer: 8 Hopper Check: 1 Hopper Amount: 1
[12:33:26] [Server thread/INFO]: Entity Tracking Range: Pl 48 / An 48 / Mo 48 / Mi 32 / Other 64
[12:33:26] [Server thread/INFO]: Nerfing mobs spawned from spawners: false
[12:33:26] [Server thread/INFO]: Preparing start region for dimension 'world'/minecraft:overworld
[12:33:27] [Server thread/INFO]: Preparing spawn area: 0%
[12:33:27] [Server thread/INFO]: Preparing spawn area: 0%
[12:33:27] [Server thread/INFO]: Preparing spawn area: 0%
[12:33:28] [Server thread/INFO]: Preparing spawn area: 0%
[12:33:31] [Server-Worker-1/INFO]: Preparing spawn area: 0%
[12:33:31] [Server-Worker-1/INFO]: Preparing spawn area: 0%
[12:33:31] [Server-Worker-1/INFO]: Preparing spawn area: 0%
[12:33:31] [Server-Worker-1/INFO]: Preparing spawn area: 0%
[12:33:31] [Server-Worker-1/INFO]: Preparing spawn area: 0%
[12:33:31] [Server-Worker-1/INFO]: Preparing spawn area: 0%
[12:33:31] [Server thread/INFO]: Preparing spawn area: 2%
[12:33:32] [Server thread/INFO]: Preparing spawn area: 100%
[12:33:32] [Server thread/INFO]: Time elapsed: 5821 ms
[12:33:32] [Server thread/INFO]: Preparing start region for dimension 'world_nether'/minecraft:the_nether
[12:33:32] [Server thread/INFO]: Preparing spawn area: 0%
[12:33:32] [Server thread/INFO]: Preparing spawn area: 0%
[12:33:33] [Server thread/INFO]: Preparing spawn area: 0%
[12:33:33] [Server thread/INFO]: Time elapsed: 1544 ms
[12:33:33] [Server thread/INFO]: Preparing start region for dimension 'world_the_end'/minecraft:the_end
[12:33:34] [Server thread/INFO]: Preparing spawn area: 0%
[12:33:34] [Server thread/INFO]: Time elapsed: 540 ms
[12:33:34] [Server thread/INFO]: Server permissions file permissions.yml is empty, ignoring it
[12:33:34] [Server thread/INFO]: Done (10.655s)! For help, type "help"
